This is pdfTeX, Version 3.141592653-2.6-1.40.25 (MiKTeX 24.1) (preloaded format=pdflatex 2025.4.12)  12 APR 2025 09:37
entering extended mode
 restricted \write18 enabled.
 %&-line parsing enabled.
**"C:/Users/ChoiHG/Desktop/Algorithm/ass1/CSE304&331 -2025 -sample template fin
al/00_main.tex"

(C:/Users/ChoiHG/Desktop/Algorithm/ass1/CSE304&331 -2025 -sample template final
/00_main.tex
LaTeX2e <2023-11-01> patch level 1
L3 programming layer <2024-01-04>
(C:\Program Files\MiKTeX\tex/latex/acmart\acmart.cls
Document Class: acmart 2024/12/28 v2.12 Typesetting articles for the Associatio
n for Computing Machinery
(C:\Program Files\MiKTeX\tex/latex/xkeyval\xkeyval.sty
Package: xkeyval 2022/06/16 v2.9 package option processing (HA)

(C:\Program Files\MiKTeX\tex/generic/xkeyval\xkeyval.tex
(C:\Program Files\MiKTeX\tex/generic/xkeyval\xkvutils.tex
\XKV@toks=\toks17
\XKV@tempa@toks=\toks18

(C:\Program Files\MiKTeX\tex/generic/xkeyval\keyval.tex))
\XKV@depth=\count187
File: xkeyval.tex 2014/12/03 v2.7a key=value parser (HA)
))
(C:\Program Files\MiKTeX\tex/latex/xstring\xstring.sty
(C:\Program Files\MiKTeX\tex/generic/xstring\xstring.tex
\xs_counta=\count188
\xs_countb=\count189
)
Package: xstring 2023/08/22 v1.86 String manipulations (CT)
)
(C:\Program Files\MiKTeX\tex/generic/iftex\iftex.sty
Package: iftex 2022/02/03 v1.0f TeX engine tests
)
Package acmart Info: Not using screen mode on input line 76.
Package acmart Info: Using breaking urls on hyphens on input line 84.
Package acmart Info: Requiring acmthm on input line 92.
Package acmart Info: Not using review mode on input line 101.
Package acmart Info: Not using authorversion mode on input line 109.
Package acmart Info: Not using nonacm mode on input line 121.
Package acmart Info: Explicitly selecting natbib mode on input line 137.
Package acmart Info: Not using anonymous mode on input line 145.
Package acmart Info: Not using timestamp mode on input line 153.
Package acmart Info: Not using authordraft mode on input line 163.
Class acmart Info: Using format sigconf, number 4 on input line 178.
Class acmart Info: Using fontsize 9pt on input line 280.

(C:\Program Files\MiKTeX\tex/latex/amscls\amsart.cls
Document Class: amsart 2020/05/29 v2.20.6
\linespacing=\dimen140
\normalparindent=\dimen141
\normaltopskip=\skip48
(C:\Program Files\MiKTeX\tex/latex/amsmath\amsmath.sty
Package: amsmath 2023/05/13 v2.17o AMS math features
\@mathmargin=\skip49

For additional information on amsmath, use the `?' option.
(C:\Program Files\MiKTeX\tex/latex/amsmath\amstext.sty
Package: amstext 2021/08/26 v2.01 AMS text

(C:\Program Files\MiKTeX\tex/latex/amsmath\amsgen.sty
File: amsgen.sty 1999/11/30 v2.0 generic functions
\@emptytoks=\toks19
\ex@=\dimen142
))
(C:\Program Files\MiKTeX\tex/latex/amsmath\amsbsy.sty
Package: amsbsy 1999/11/29 v1.2d Bold Symbols
\pmbraise@=\dimen143
)
(C:\Program Files\MiKTeX\tex/latex/amsmath\amsopn.sty
Package: amsopn 2022/04/08 v2.04 operator names
)
\inf@bad=\count190
LaTeX Info: Redefining \frac on input line 234.
\uproot@=\count191
\leftroot@=\count192
LaTeX Info: Redefining \overline on input line 399.
LaTeX Info: Redefining \colon on input line 410.
\classnum@=\count193
\DOTSCASE@=\count194
LaTeX Info: Redefining \ldots on input line 496.
LaTeX Info: Redefining \dots on input line 499.
LaTeX Info: Redefining \cdots on input line 620.
\Mathstrutbox@=\box51
\strutbox@=\box52
LaTeX Info: Redefining \big on input line 722.
LaTeX Info: Redefining \Big on input line 723.
LaTeX Info: Redefining \bigg on input line 724.
LaTeX Info: Redefining \Bigg on input line 725.
\big@size=\dimen144
LaTeX Font Info:    Redeclaring font encoding OML on input line 743.
LaTeX Font Info:    Redeclaring font encoding OMS on input line 744.
\macc@depth=\count195
LaTeX Info: Redefining \bmod on input line 905.
LaTeX Info: Redefining \pmod on input line 910.
LaTeX Info: Redefining \smash on input line 940.
LaTeX Info: Redefining \relbar on input line 970.
LaTeX Info: Redefining \Relbar on input line 971.
\c@MaxMatrixCols=\count196
\dotsspace@=\muskip16
\c@parentequation=\count197
\dspbrk@lvl=\count198
\tag@help=\toks20
\row@=\count199
\column@=\count266
\maxfields@=\count267
\andhelp@=\toks21
\eqnshift@=\dimen145
\alignsep@=\dimen146
\tagshift@=\dimen147
\tagwidth@=\dimen148
\totwidth@=\dimen149
\lineht@=\dimen150
\@envbody=\toks22
\multlinegap=\skip50
\multlinetaggap=\skip51
\mathdisplay@stack=\toks23
LaTeX Info: Redefining \[ on input line 2953.
LaTeX Info: Redefining \] on input line 2954.
)
LaTeX Font Info:    Trying to load font information for U+msa on input line 397
.

(C:\Program Files\MiKTeX\tex/latex/amsfonts\umsa.fd
File: umsa.fd 2013/01/14 v3.01 AMS symbols A
)
(C:\Program Files\MiKTeX\tex/latex/amsfonts\amsfonts.sty
Package: amsfonts 2013/01/14 v3.01 Basic AMSFonts support
\symAMSa=\mathgroup4
\symAMSb=\mathgroup5
LaTeX Font Info:    Redeclaring math symbol \hbar on input line 98.
LaTeX Font Info:    Overwriting math alphabet `\mathfrak' in version `bold'
(Font)                  U/euf/m/n --> U/euf/b/n on input line 106.
)
\copyins=\insert252
\abstractbox=\box53
\listisep=\skip52
\c@part=\count268
\c@section=\count269
\c@subsection=\count270
\c@subsubsection=\count271
\c@paragraph=\count272
\c@subparagraph=\count273
\c@figure=\count274
\c@table=\count275
\abovecaptionskip=\skip53
\belowcaptionskip=\skip54
\captionindent=\dimen151
\thm@style=\toks24
\thm@bodyfont=\toks25
\thm@headfont=\toks26
\thm@notefont=\toks27
\thm@headpunct=\toks28
\thm@preskip=\skip55
\thm@postskip=\skip56
\thm@headsep=\skip57
\dth@everypar=\toks29
)
(C:\Program Files\MiKTeX\tex/latex/microtype\microtype.sty
Package: microtype 2025/02/11 v3.2a Micro-typographical refinements (RS)

(C:\Program Files\MiKTeX\tex/latex/etoolbox\etoolbox.sty
Package: etoolbox 2020/10/05 v2.5k e-TeX tools for LaTeX (JAW)
\etb@tempcnta=\count276
)
\MT@toks=\toks30
\MT@tempbox=\box54
\MT@count=\count277
LaTeX Info: Redefining \noprotrusionifhmode on input line 1087.
LaTeX Info: Redefining \leftprotrusion on input line 1088.
\MT@prot@toks=\toks31
LaTeX Info: Redefining \rightprotrusion on input line 1107.
LaTeX Info: Redefining \textls on input line 1449.
\MT@outer@kern=\dimen152
LaTeX Info: Redefining \microtypecontext on input line 2053.
LaTeX Info: Redefining \textmicrotypecontext on input line 2070.
\MT@listname@count=\count278

(C:\Program Files\MiKTeX\tex/latex/microtype\microtype-pdftex.def
File: microtype-pdftex.def 2025/02/11 v3.2a Definitions specific to pdftex (RS)

LaTeX Info: Redefining \lsstyle on input line 944.
LaTeX Info: Redefining \lslig on input line 944.
\MT@outer@space=\skip58
)
Package microtype Info: Loading configuration file microtype.cfg.

(C:\Program Files\MiKTeX\tex/latex/microtype\microtype.cfg
File: microtype.cfg 2025/02/11 v3.2a microtype main configuration file (RS)
)
LaTeX Info: Redefining \microtypesetup on input line 3065.
)
(C:\Program Files\MiKTeX\tex/latex/booktabs\booktabs.sty
Package: booktabs 2020/01/12 v1.61803398 Publication quality tables
\heavyrulewidth=\dimen153
\lightrulewidth=\dimen154
\cmidrulewidth=\dimen155
\belowrulesep=\dimen156
\belowbottomsep=\dimen157
\aboverulesep=\dimen158
\abovetopsep=\dimen159
\cmidrulesep=\dimen160
\cmidrulekern=\dimen161
\defaultaddspace=\dimen162
\@cmidla=\count279
\@cmidlb=\count280
\@aboverulesep=\dimen163
\@belowrulesep=\dimen164
\@thisruleclass=\count281
\@lastruleclass=\count282
\@thisrulewidth=\dimen165
)
(C:\Program Files\MiKTeX\tex/latex/refcount\refcount.sty
Package: refcount 2019/12/15 v3.6 Data extraction from label references (HO)

(C:\Program Files\MiKTeX\tex/generic/ltxcmds\ltxcmds.sty
Package: ltxcmds 2023-12-04 v1.26 LaTeX kernel commands for general use (HO)
)
(C:\Program Files\MiKTeX\tex/generic/infwarerr\infwarerr.sty
Package: infwarerr 2019/12/03 v1.5 Providing info/warning/error messages (HO)
))
(C:\Program Files\MiKTeX\tex/latex/totpages\totpages.sty
Package: totpages 2005/09/19 v2.00 Totpages Package (muewi)

(C:\Program Files\MiKTeX\tex/latex/everyshi\everyshi.sty
Package: everyshi 2020/11/18 v4.00 EveryShipout Package
))
(C:\Program Files\MiKTeX\tex/latex/environ\environ.sty
Package: environ 2014/05/04 v0.3 A new way to define environments

(C:\Program Files\MiKTeX\tex/latex/trimspaces\trimspaces.sty
Package: trimspaces 2009/09/17 v1.1 Trim spaces around a token list
))
\@ACM@acmcp@delta=\dimen166

(C:\Program Files\MiKTeX\tex/latex/natbib\natbib.sty
Package: natbib 2010/09/13 8.31b (PWD, AO)
\bibhang=\skip59
\bibsep=\skip60
LaTeX Info: Redefining \cite on input line 694.
\c@NAT@ctr=\count283
)
(C:\Program Files\MiKTeX\tex/latex/hyperref\hyperref.sty
Package: hyperref 2023-11-26 v7.01g Hypertext links for LaTeX

(C:\Program Files\MiKTeX\tex/latex/kvsetkeys\kvsetkeys.sty
Package: kvsetkeys 2022-10-05 v1.19 Key value parser (HO)
)
(C:\Program Files\MiKTeX\tex/generic/kvdefinekeys\kvdefinekeys.sty
Package: kvdefinekeys 2019-12-19 v1.6 Define keys (HO)
)
(C:\Program Files\MiKTeX\tex/generic/pdfescape\pdfescape.sty
Package: pdfescape 2019/12/09 v1.15 Implements pdfTeX's escape features (HO)

(C:\Program Files\MiKTeX\tex/generic/pdftexcmds\pdftexcmds.sty
Package: pdftexcmds 2020-06-27 v0.33 Utility functions of pdfTeX for LuaTeX (HO
)
Package pdftexcmds Info: \pdf@primitive is available.
Package pdftexcmds Info: \pdf@ifprimitive is available.
Package pdftexcmds Info: \pdfdraftmode found.
))
(C:\Program Files\MiKTeX\tex/latex/hycolor\hycolor.sty
Package: hycolor 2020-01-27 v1.10 Color options for hyperref/bookmark (HO)
)
(C:\Program Files\MiKTeX\tex/latex/letltxmacro\letltxmacro.sty
Package: letltxmacro 2019/12/03 v1.6 Let assignment for LaTeX macros (HO)
)
(C:\Program Files\MiKTeX\tex/latex/auxhook\auxhook.sty
Package: auxhook 2019-12-17 v1.6 Hooks for auxiliary files (HO)
)
(C:\Program Files\MiKTeX\tex/latex/hyperref\nameref.sty
Package: nameref 2023-11-26 v2.56 Cross-referencing by name of section

(C:\Program Files\MiKTeX\tex/generic/gettitlestring\gettitlestring.sty
Package: gettitlestring 2019/12/15 v1.6 Cleanup title references (HO)

(C:\Program Files\MiKTeX\tex/latex/kvoptions\kvoptions.sty
Package: kvoptions 2022-06-15 v3.15 Key value format for package options (HO)
))
\c@section@level=\count284
)
\@linkdim=\dimen167
\Hy@linkcounter=\count285
\Hy@pagecounter=\count286

(C:\Program Files\MiKTeX\tex/latex/hyperref\pd1enc.def
File: pd1enc.def 2023-11-26 v7.01g Hyperref: PDFDocEncoding definition (HO)
Now handling font encoding PD1 ...
... no UTF-8 mapping file for font encoding PD1
)
(C:\Program Files\MiKTeX\tex/generic/intcalc\intcalc.sty
Package: intcalc 2019/12/15 v1.3 Expandable calculations with integers (HO)
)
\Hy@SavedSpaceFactor=\count287

(C:\Program Files\MiKTeX\tex/latex/hyperref\puenc.def
File: puenc.def 2023-11-26 v7.01g Hyperref: PDF Unicode definition (HO)
Now handling font encoding PU ...
... no UTF-8 mapping file for font encoding PU
)
Package hyperref Info: Option `bookmarksnumbered' set `true' on input line 4064
.
Package hyperref Info: Option `unicode' set `true' on input line 4064.
Package hyperref Info: Hyper figures OFF on input line 4181.
Package hyperref Info: Link nesting OFF on input line 4186.
Package hyperref Info: Hyper index ON on input line 4189.
Package hyperref Info: Plain pages OFF on input line 4196.
Package hyperref Info: Backreferencing OFF on input line 4201.
Package hyperref Info: Implicit mode ON; LaTeX internals redefined.
Package hyperref Info: Bookmarks ON on input line 4448.
\c@Hy@tempcnt=\count288

(C:\Program Files\MiKTeX\tex/latex/url\url.sty
\Urlmuskip=\muskip17
Package: url 2013/09/16  ver 3.4  Verb mode for urls, etc.
)
LaTeX Info: Redefining \url on input line 4786.
\XeTeXLinkMargin=\dimen168

(C:\Program Files\MiKTeX\tex/generic/bitset\bitset.sty
Package: bitset 2019/12/09 v1.3 Handle bit-vector datatype (HO)

(C:\Program Files\MiKTeX\tex/generic/bigintcalc\bigintcalc.sty
Package: bigintcalc 2019/12/15 v1.5 Expandable calculations on big integers (HO
)
))
\Fld@menulength=\count289
\Field@Width=\dimen169
\Fld@charsize=\dimen170
Package hyperref Info: Hyper figures OFF on input line 6065.
Package hyperref Info: Link nesting OFF on input line 6070.
Package hyperref Info: Hyper index ON on input line 6073.
Package hyperref Info: backreferencing OFF on input line 6080.
Package hyperref Info: Link coloring OFF on input line 6085.
Package hyperref Info: Link coloring with OCG OFF on input line 6090.
Package hyperref Info: PDF/A mode OFF on input line 6095.

(C:\Program Files\MiKTeX\tex/latex/base\atbegshi-ltx.sty
Package: atbegshi-ltx 2021/01/10 v1.0c Emulation of the original atbegshi
package with kernel methods
)
\Hy@abspage=\count290
\c@Item=\count291
\c@Hfootnote=\count292
)
Package hyperref Info: Driver (autodetected): hpdftex.

(C:\Program Files\MiKTeX\tex/latex/hyperref\hpdftex.def
File: hpdftex.def 2023-11-26 v7.01g Hyperref driver for pdfTeX

(C:\Program Files\MiKTeX\tex/latex/base\atveryend-ltx.sty
Package: atveryend-ltx 2020/08/19 v1.0a Emulation of the original atveryend pac
kage
with kernel methods
)
\Fld@listcount=\count293
\c@bookmark@seq@number=\count294

(C:\Program Files\MiKTeX\tex/latex/rerunfilecheck\rerunfilecheck.sty
Package: rerunfilecheck 2022-07-10 v1.10 Rerun checks for auxiliary files (HO)

(C:\Program Files\MiKTeX\tex/generic/uniquecounter\uniquecounter.sty
Package: uniquecounter 2019/12/15 v1.4 Provide unlimited unique counter (HO)
)
Package uniquecounter Info: New unique counter `rerunfilecheck' on input line 2
85.
)
\Hy@SectionHShift=\skip61
)
(C:\Program Files\MiKTeX\tex/latex/hyperxmp\hyperxmp.sty
Package: hyperxmp 2024/03/17 v5.13 Store hyperref metadata in XMP format
\hyxmp@aep@toks=\toks32

(C:\Program Files\MiKTeX\tex/generic/stringenc\stringenc.sty
Package: stringenc 2019/11/29 v1.12 Convert strings between diff. encodings (HO
)
)
(C:\Program Files\MiKTeX\tex/latex/ifmtarg\ifmtarg.sty
Package: ifmtarg 2018/04/16 v1.2b check for an empty argument
)
(C:\Program Files\MiKTeX\tex/latex/base\ifthen.sty
Package: ifthen 2022/04/13 v1.1d Standard LaTeX ifthen package (DPC)
)
\@hyxmp@count=\count295

(C:\Program Files\MiKTeX\tex/latex/oberdiek\ifdraft.sty
Package: ifdraft 2016/05/16 v1.4 Detect class options draft and final (HO)
)
(C:\Program Files\MiKTeX\tex/generic/iftex\ifluatex.sty
Package: ifluatex 2019/10/25 v1.5 ifluatex legacy package. Use iftex instead.
))
(C:\Program Files\MiKTeX\tex/latex/graphics\graphicx.sty
Package: graphicx 2021/09/16 v1.2d Enhanced LaTeX Graphics (DPC,SPQR)

(C:\Program Files\MiKTeX\tex/latex/graphics\graphics.sty
Package: graphics 2022/03/10 v1.4e Standard LaTeX Graphics (DPC,SPQR)

(C:\Program Files\MiKTeX\tex/latex/graphics\trig.sty
Package: trig 2021/08/11 v1.11 sin cos tan (DPC)
)
(C:\Program Files\MiKTeX\tex/latex/graphics-cfg\graphics.cfg
File: graphics.cfg 2016/06/04 v1.11 sample graphics configuration
)
Package graphics Info: Driver file: pdftex.def on input line 107.

(C:\Program Files\MiKTeX\tex/latex/graphics-def\pdftex.def
File: pdftex.def 2022/09/22 v1.2b Graphics/color driver for pdftex
))
\Gin@req@height=\dimen171
\Gin@req@width=\dimen172
)
(C:\Program Files\MiKTeX\tex/latex/xcolor\xcolor.sty
Package: xcolor 2023/11/15 v3.01 LaTeX color extensions (UK)

(C:\Program Files\MiKTeX\tex/latex/graphics-cfg\color.cfg
File: color.cfg 2016/01/02 v1.6 sample color configuration
)
Package xcolor Info: Driver file: pdftex.def on input line 274.

(C:\Program Files\MiKTeX\tex/latex/graphics\mathcolor.ltx)
Package xcolor Info: Model `cmy' substituted by `cmy0' on input line 1350.
Package xcolor Info: Model `hsb' substituted by `rgb' on input line 1354.
Package xcolor Info: Model `RGB' extended on input line 1366.
Package xcolor Info: Model `HTML' substituted by `rgb' on input line 1368.
Package xcolor Info: Model `Hsb' substituted by `hsb' on input line 1369.
Package xcolor Info: Model `tHsb' substituted by `hsb' on input line 1370.
Package xcolor Info: Model `HSB' substituted by `hsb' on input line 1371.
Package xcolor Info: Model `Gray' substituted by `gray' on input line 1372.
Package xcolor Info: Model `wave' substituted by `hsb' on input line 1373.
)
(C:\Program Files\MiKTeX\tex/latex/geometry\geometry.sty
Package: geometry 2020/01/02 v5.9 Page Geometry

(C:\Program Files\MiKTeX\tex/generic/iftex\ifvtex.sty
Package: ifvtex 2019/10/25 v1.7 ifvtex legacy package. Use iftex instead.
)
\Gm@cnth=\count296
\Gm@cntv=\count297
\c@Gm@tempcnt=\count298
\Gm@bindingoffset=\dimen173
\Gm@wd@mp=\dimen174
\Gm@odd@mp=\dimen175
\Gm@even@mp=\dimen176
\Gm@layoutwidth=\dimen177
\Gm@layoutheight=\dimen178
\Gm@layouthoffset=\dimen179
\Gm@layoutvoffset=\dimen180
\Gm@dimlist=\toks33

(C:\Program Files\MiKTeX\tex/latex/geometry\geometry.cfg))
(C:\Program Files\MiKTeX\tex/latex/ncctools\manyfoot.sty
Package: manyfoot 2019/08/03 v1.11 Many Footnote Levels Package (NCC)

(C:\Program Files\MiKTeX\tex/latex/ncctools\nccfoots.sty
Package: nccfoots 2005/02/03 v1.2 NCC Footnotes Package (NCC)
)
\MFL@columnwidth=\dimen181
)
\footinsauthorsaddresses=\insert251
\c@footnoteauthorsaddresses=\count299
\footinscopyrightpermission=\insert250
\c@footnotecopyrightpermission=\count300

(C:\Program Files\MiKTeX\tex/generic/pdftex\glyphtounicode.tex)
(C:\Program Files\MiKTeX\tex/latex/cmap\cmap.sty
Package: cmap 2021/02/06 v1.0j CMap support: searchable PDF
)
(C:\Program Files\MiKTeX\tex/latex/base\fontenc.sty
Package: fontenc 2021/04/29 v2.0v Standard LaTeX package
<<t1.cmap>>)
(C:\Program Files\MiKTeX\tex/latex/libertine\libertine.sty
Package: libertine 2024/04/23 (Bob Tennent) Supports Libertine and Biolinum fon
ts for all LaTeX engines.

(C:\Program Files\MiKTeX\tex/generic/iftex\ifxetex.sty
Package: ifxetex 2019/10/25 v0.7 ifxetex legacy package. Use iftex instead.
)
(C:\Program Files\MiKTeX\tex/latex/base\textcomp.sty
Package: textcomp 2020/02/02 v2.0n Standard LaTeX package
)
(C:\Program Files\MiKTeX\tex/latex/base\fontenc.sty
Package: fontenc 2021/04/29 v2.0v Standard LaTeX package
)
(C:\Program Files\MiKTeX\tex/latex/fontaxes\fontaxes.sty
Package: fontaxes 2020/07/21 v1.0e Font selection axes
LaTeX Info: Redefining \upshape on input line 29.
LaTeX Info: Redefining \itshape on input line 31.
LaTeX Info: Redefining \slshape on input line 33.
LaTeX Info: Redefining \swshape on input line 35.
LaTeX Info: Redefining \scshape on input line 37.
LaTeX Info: Redefining \sscshape on input line 39.
LaTeX Info: Redefining \ulcshape on input line 41.
LaTeX Info: Redefining \textsw on input line 47.
LaTeX Info: Redefining \textssc on input line 48.
LaTeX Info: Redefining \textulc on input line 49.
)
LaTeX Info: Redefining \oldstylenums on input line 485.

(C:\Program Files\MiKTeX\tex/latex/libertine\LinLibertine_I.tex))
(C:\Program Files\MiKTeX\tex/latex/inconsolata\zi4.sty
Package: zi4 2019/05/17 v1.12

`inconsolata-zi4' v1.12, 2019/05/17 Text macros for Inconsolata (msharpe)
\zifour@ocount=\count301
)
(C:\Program Files\MiKTeX\tex/latex/newtx\newtxmath.sty
Package: newtxmath 2024/09/22 v1.754

`newtxmath' v1.754, 2024/09/22 Math macros based originally on txfonts (msharpe
) (C:\Program Files\MiKTeX\tex/latex/oberdiek\centernot.sty
Package: centernot 2016/05/16 v1.4 Centers the not symbol horizontally (HO)
)
\tx@cntz=\count302

(C:\Program Files\MiKTeX\tex/generic/binhex\binhex.tex)
\tx@Isdigit=\count303
\tx@IsAlNum=\count304
\tx@tA=\toks34
\tx@tB=\toks35
\tx@su=\read2

amsthm NOT loaded
LaTeX Font Info:    Redeclaring symbol font `operators' on input line 402.
LaTeX Font Info:    Overwriting symbol font `operators' in version `normal'
(Font)                  OT1/cmr/m/n --> OT1/LinuxLibertineT-TLF/m/n on input li
ne 402.
LaTeX Font Info:    Overwriting symbol font `operators' in version `bold'
(Font)                  OT1/cmr/bx/n --> OT1/LinuxLibertineT-TLF/m/n on input l
ine 402.
LaTeX Font Info:    Overwriting symbol font `operators' in version `bold'
(Font)                  OT1/LinuxLibertineT-TLF/m/n --> OT1/LinuxLibertineT-TLF
/sb/n on input line 403.
LaTeX Font Info:    Redeclaring math alphabet \mathsf on input line 410.
LaTeX Font Info:    Overwriting math alphabet `\mathsf' in version `normal'
(Font)                  OT1/cmss/m/n --> OT1/LinuxBiolinumT-TLF/m/n on input li
ne 410.
LaTeX Font Info:    Overwriting math alphabet `\mathsf' in version `bold'
(Font)                  OT1/cmss/bx/n --> OT1/LinuxBiolinumT-TLF/m/n on input l
ine 410.
LaTeX Font Info:    Overwriting math alphabet `\mathsf' in version `bold'
(Font)                  OT1/LinuxBiolinumT-TLF/m/n --> OT1/LinuxBiolinumT-TLF/b
/n on input line 412.
LaTeX Font Info:    Redeclaring math alphabet \mathit on input line 419.
LaTeX Font Info:    Overwriting math alphabet `\mathit' in version `normal'
(Font)                  OT1/cmr/m/it --> OT1/LinuxLibertineT-TLF/m/it on input 
line 419.
LaTeX Font Info:    Overwriting math alphabet `\mathit' in version `bold'
(Font)                  OT1/cmr/bx/it --> OT1/LinuxLibertineT-TLF/m/it on input
 line 419.
LaTeX Font Info:    Redeclaring math alphabet \mathtt on input line 420.
LaTeX Font Info:    Overwriting math alphabet `\mathtt' in version `normal'
(Font)                  OT1/cmtt/m/n --> T1/zi4/m/n on input line 420.
LaTeX Font Info:    Overwriting math alphabet `\mathtt' in version `bold'
(Font)                  OT1/cmtt/m/n --> T1/zi4/m/n on input line 420.
LaTeX Font Info:    Redeclaring math alphabet \mathbf on input line 422.
LaTeX Font Info:    Overwriting math alphabet `\mathbf' in version `normal'
(Font)                  OT1/cmr/bx/n --> OT1/LinuxLibertineT-TLF/sb/n on input 
line 422.
LaTeX Font Info:    Overwriting math alphabet `\mathbf' in version `bold'
(Font)                  OT1/cmr/bx/n --> OT1/LinuxLibertineT-TLF/sb/n on input 
line 422.
LaTeX Font Info:    Overwriting math alphabet `\mathit' in version `bold'
(Font)                  OT1/LinuxLibertineT-TLF/m/it --> OT1/LinuxLibertineT-TL
F/sb/it on input line 423.
LaTeX Font Info:    Overwriting math alphabet `\mathtt' in version `bold'
(Font)                  T1/zi4/m/n --> T1/zi4/b/n on input line 426.
LaTeX Font Info:    Redeclaring symbol font `letters' on input line 444.
LaTeX Font Info:    Overwriting symbol font `letters' in version `normal'
(Font)                  OML/cmm/m/it --> OML/nxlmi/m/it on input line 444.
LaTeX Font Info:    Overwriting symbol font `letters' in version `bold'
(Font)                  OML/cmm/b/it --> OML/nxlmi/m/it on input line 444.
LaTeX Font Info:    Overwriting symbol font `letters' in version `bold'
(Font)                  OML/nxlmi/m/it --> OML/nxlmi/b/it on input line 445.
\symlettersA=\mathgroup6
LaTeX Font Info:    Overwriting symbol font `lettersA' in version `bold'
(Font)                  U/ntxmia/m/it --> U/ntxmia/b/it on input line 582.
LaTeX Font Info:    Redeclaring math alphabet \mathfrak on input line 584.
Now handling font encoding LMS ...
... no UTF-8 mapping file for font encoding LMS
LaTeX Font Info:    Redeclaring symbol font `symbols' on input line 604.
LaTeX Font Info:    Encoding `OMS' has changed to `LMS' for symbol font
(Font)              `symbols' in the math version `normal' on input line 604.
LaTeX Font Info:    Overwriting symbol font `symbols' in version `normal'
(Font)                  OMS/cmsy/m/n --> LMS/ntxsy/m/n on input line 604.
LaTeX Font Info:    Encoding `OMS' has changed to `LMS' for symbol font
(Font)              `symbols' in the math version `bold' on input line 604.
LaTeX Font Info:    Overwriting symbol font `symbols' in version `bold'
(Font)                  OMS/cmsy/b/n --> LMS/ntxsy/m/n on input line 604.
LaTeX Font Info:    Overwriting symbol font `symbols' in version `bold'
(Font)                  LMS/ntxsy/m/n --> LMS/ntxsy/b/n on input line 605.
\symAMSm=\mathgroup7
LaTeX Font Info:    Overwriting symbol font `AMSm' in version `bold'
(Font)                  U/ntxsym/m/n --> U/ntxsym/b/n on input line 630.
\symsymbolsC=\mathgroup8
LaTeX Font Info:    Overwriting symbol font `symbolsC' in version `bold'
(Font)                  U/ntxsyc/m/n --> U/ntxsyc/b/n on input line 651.
Now handling font encoding LMX ...
... no UTF-8 mapping file for font encoding LMX
LaTeX Font Info:    Redeclaring symbol font `largesymbols' on input line 664.
LaTeX Font Info:    Encoding `OMX' has changed to `LMX' for symbol font
(Font)              `largesymbols' in the math version `normal' on input line 6
64.
LaTeX Font Info:    Overwriting symbol font `largesymbols' in version `normal'
(Font)                  OMX/cmex/m/n --> LMX/ntxexx/m/n on input line 664.
LaTeX Font Info:    Encoding `OMX' has changed to `LMX' for symbol font
(Font)              `largesymbols' in the math version `bold' on input line 664
.
LaTeX Font Info:    Overwriting symbol font `largesymbols' in version `bold'
(Font)                  OMX/cmex/m/n --> LMX/ntxexx/m/n on input line 664.
LaTeX Font Info:    Overwriting symbol font `largesymbols' in version `bold'
(Font)                  LMX/ntxexx/m/n --> LMX/ntxexx/b/n on input line 665.
\symlargesymbolsTXA=\mathgroup9
LaTeX Font Info:    Overwriting symbol font `largesymbolsTXA' in version `bold'

(Font)                  U/ntxexa/m/n --> U/ntxexa/b/n on input line 679.
\tx@sbptoks=\toks36
LaTeX Font Info:    Redeclaring math delimiter \lfloor on input line 902.
LaTeX Font Info:    Redeclaring math delimiter \rfloor on input line 903.
LaTeX Font Info:    Redeclaring math delimiter \lceil on input line 904.
LaTeX Font Info:    Redeclaring math delimiter \rceil on input line 905.
LaTeX Font Info:    Redeclaring math delimiter \lbrace on input line 910.
LaTeX Font Info:    Redeclaring math delimiter \rbrace on input line 911.
LaTeX Font Info:    Redeclaring math delimiter \langle on input line 913.
LaTeX Font Info:    Redeclaring math delimiter \rangle on input line 915.
LaTeX Font Info:    Redeclaring math delimiter \arrowvert on input line 919.
LaTeX Font Info:    Redeclaring math delimiter \vert on input line 920.
LaTeX Font Info:    Redeclaring math accent \dot on input line 991.
LaTeX Font Info:    Redeclaring math accent \ddot on input line 992.
LaTeX Font Info:    Redeclaring math accent \vec on input line 2057.
LaTeX Info: Redefining \Bbbk on input line 2847.
LaTeX Info: Redefining \not on input line 2995.
LaTeX Info: Redefining \textsquare on input line 3025.
LaTeX Info: Redefining \openbox on input line 3027.
) (C:\Program Files\MiKTeX\tex/latex/caption\caption.sty
Package: caption 2023/08/05 v3.6o Customizing captions (AR)

(C:\Program Files\MiKTeX\tex/latex/caption\caption3.sty
Package: caption3 2023/07/31 v2.4d caption3 kernel (AR)
\caption@tempdima=\dimen182
\captionmargin=\dimen183
\caption@leftmargin=\dimen184
\caption@rightmargin=\dimen185
\caption@width=\dimen186
\caption@indent=\dimen187
\caption@parindent=\dimen188
\caption@hangindent=\dimen189
Package caption Info: AMS or SMF document class detected.

(C:\Program Files\MiKTeX\tex/latex/caption\caption-ams-smf.sto
File: caption-ams-smf.sto 2020/08/22 v2.0 Adaption of the caption package to th
e AMS and SMF document classes (AR)
))
\c@caption@flags=\count305
\c@continuedfloat=\count306
Package caption Info: hyperref package is loaded.
)
(C:\Program Files\MiKTeX\tex/latex/float\float.sty
Package: float 2001/11/08 v1.3d Float enhancements (AL)
\c@float@type=\count307
\float@exts=\toks37
\float@box=\box55
\@float@everytoks=\toks38
\@floatcapt=\box56
)
\@float@every@sidebar=\toks39
\c@sidebar=\count308
\fulltextwidth=\dimen190
\@ACM@labelwidth=\dimen191
\listisep=\skip62
\num@authorgroups=\count309
\num@authors=\count310
\@ACM@badge@width=\skip63
\@ACM@title@width=\skip64
\@ACM@badge@skip=\skip65
Class acmart Info: Printing CCS on input line 1806.
Class acmart Info: Printing bibformat on input line 1806.
Class acmart Info: Suppressing folios on input line 1813.
Class acmart Info: Setting authorsperrow to 0 on input line 1816.

(C:\Program Files\MiKTeX\tex/latex/comment\comment.sty
\CommentStream=\write3

Excluding comment 'comment') Excluding comment 'CCSXML'
\c@@concepts=\count311
\mktitle@bx=\box57
\@ACM@acmcpbox=\box58
\@ACM@commabox=\box59
\author@bx=\box60
\author@bx@wd=\dimen192
\author@bx@sep=\skip66

(C:\Program Files\MiKTeX\tex/latex/fancyhdr\fancyhdr.sty
Package: fancyhdr 2025/02/07 v5.2 Extensive control of page headers and footers

\f@nch@headwidth=\skip67
\f@nch@offset@elh=\skip68
\f@nch@offset@erh=\skip69
\f@nch@offset@olh=\skip70
\f@nch@offset@orh=\skip71
\f@nch@offset@elf=\skip72
\f@nch@offset@erf=\skip73
\f@nch@offset@olf=\skip74
\f@nch@offset@orf=\skip75
\f@nch@height=\skip76
\f@nch@footalignment=\skip77
\f@nch@widthL=\skip78
\f@nch@widthC=\skip79
\f@nch@widthR=\skip80
\@temptokenb=\toks40
)
Special comment 'acks'
LaTeX Font Info:    Trying to load font information for T1+LinuxLibertineT-TLF 
on input line 3588.

(C:\Program Files\MiKTeX\tex/latex/libertine\t1linuxlibertinet-tlf.fd
File: T1LinuxLibertineT-TLF.fd 2017/03/20 (autoinst) Font definitions for T1/Li
nuxLibertineT-TLF.
)
LaTeX Font Info:    Font shape `T1/LinuxLibertineT-TLF/m/n' will be
(Font)              scaled to size 9.0pt on input line 3588.
)
(C:\Program Files\MiKTeX\tex/latex/enumitem\enumitem.sty
Package: enumitem 2025/02/06 v3.11 Customized lists
\enitkv@toks@=\toks41
\labelindent=\skip81
\enit@outerparindent=\dimen193
\enit@toks=\toks42
\enit@inbox=\box61
\enit@count@id=\count312
\enitdp@description=\count313
)
(C:\Program Files\MiKTeX\tex/latex/multirow\multirow.sty
Package: multirow 2024/11/12 v2.9 Span multiple rows of a table
\multirow@colwidth=\skip82
\multirow@cntb=\count314
\multirow@dima=\skip83
\bigstrutjot=\dimen194
)
(C:\Program Files\MiKTeX\tex/latex/caption\subcaption.sty
Package: subcaption 2023/07/28 v1.6b Sub-captions (AR)
Package caption Info: New subtype `subfigure' on input line 238.
\c@subfigure=\count315
Package caption Info: New subtype `subtable' on input line 238.
\c@subtable=\count316
)
(C:\Program Files\MiKTeX\tex/generic/soul\soul.sty
Package: soul 2023-06-14 v3.1 Permit use of UTF-8 characters in soul (HO)

(C:\Program Files\MiKTeX\tex/generic/soul\soul-ori.sty
Package: soul-ori 2023-06-14 v3.1 letterspacing/underlining (mf)
\SOUL@word=\toks43
\SOUL@lasttoken=\toks44
\SOUL@syllable=\toks45
\SOUL@cmds=\toks46
\SOUL@buffer=\toks47
\SOUL@token=\toks48
\SOUL@syllgoal=\dimen195
\SOUL@syllwidth=\dimen196
\SOUL@charkern=\dimen197
\SOUL@hyphkern=\dimen198
\SOUL@dimen=\dimen199
\SOUL@dimeni=\dimen256
\SOUL@minus=\count317
\SOUL@comma=\count318
\SOUL@apo=\count319
\SOUL@grave=\count320
\SOUL@spaceskip=\skip84
\SOUL@ttwidth=\dimen257
\SOUL@uldp=\dimen258
\SOUL@ulht=\dimen259
)
(C:\Program Files\MiKTeX\tex/generic/etexcmds\etexcmds.sty
Package: etexcmds 2019/12/15 v1.7 Avoid name clashes with e-TeX commands (HO)
))
(C:\Program Files\MiKTeX\tex/latex/lm\lmodern.sty
Package: lmodern 2015/05/01 v1.6.1 Latin Modern Fonts
LaTeX Font Info:    Overwriting symbol font `operators' in version `normal'
(Font)                  OT1/LinuxLibertineT-TLF/m/n --> OT1/lmr/m/n on input li
ne 22.
LaTeX Font Info:    Overwriting symbol font `letters' in version `normal'
(Font)                  OML/nxlmi/m/it --> OML/lmm/m/it on input line 23.
LaTeX Font Info:    Encoding `LMS' has changed to `OMS' for symbol font
(Font)              `symbols' in the math version `normal' on input line 24.
LaTeX Font Info:    Overwriting symbol font `symbols' in version `normal'
(Font)                  LMS/ntxsy/m/n --> OMS/lmsy/m/n on input line 24.
LaTeX Font Info:    Encoding `LMX' has changed to `OMX' for symbol font
(Font)              `largesymbols' in the math version `normal' on input line 2
5.
LaTeX Font Info:    Overwriting symbol font `largesymbols' in version `normal'
(Font)                  LMX/ntxexx/m/n --> OMX/lmex/m/n on input line 25.
LaTeX Font Info:    Overwriting symbol font `operators' in version `bold'
(Font)                  OT1/LinuxLibertineT-TLF/sb/n --> OT1/lmr/bx/n on input 
line 26.
LaTeX Font Info:    Overwriting symbol font `letters' in version `bold'
(Font)                  OML/nxlmi/b/it --> OML/lmm/b/it on input line 27.
LaTeX Font Info:    Encoding `LMS' has changed to `OMS' for symbol font
(Font)              `symbols' in the math version `bold' on input line 28.
LaTeX Font Info:    Overwriting symbol font `symbols' in version `bold'
(Font)                  LMS/ntxsy/b/n --> OMS/lmsy/b/n on input line 28.
LaTeX Font Info:    Encoding `LMX' has changed to `OMX' for symbol font
(Font)              `largesymbols' in the math version `bold' on input line 29.

LaTeX Font Info:    Overwriting symbol font `largesymbols' in version `bold'
(Font)                  LMX/ntxexx/b/n --> OMX/lmex/m/n on input line 29.
LaTeX Font Info:    Overwriting math alphabet `\mathbf' in version `normal'
(Font)                  OT1/LinuxLibertineT-TLF/sb/n --> OT1/lmr/bx/n on input 
line 31.
LaTeX Font Info:    Overwriting math alphabet `\mathsf' in version `normal'
(Font)                  OT1/LinuxBiolinumT-TLF/m/n --> OT1/lmss/m/n on input li
ne 32.
LaTeX Font Info:    Overwriting math alphabet `\mathit' in version `normal'
(Font)                  OT1/LinuxLibertineT-TLF/m/it --> OT1/lmr/m/it on input 
line 33.
LaTeX Font Info:    Overwriting math alphabet `\mathtt' in version `normal'
(Font)                  T1/zi4/m/n --> OT1/lmtt/m/n on input line 34.
LaTeX Font Info:    Overwriting math alphabet `\mathbf' in version `bold'
(Font)                  OT1/LinuxLibertineT-TLF/sb/n --> OT1/lmr/bx/n on input 
line 35.
LaTeX Font Info:    Overwriting math alphabet `\mathsf' in version `bold'
(Font)                  OT1/LinuxBiolinumT-TLF/b/n --> OT1/lmss/bx/n on input l
ine 36.
LaTeX Font Info:    Overwriting math alphabet `\mathit' in version `bold'
(Font)                  OT1/LinuxLibertineT-TLF/sb/it --> OT1/lmr/bx/it on inpu
t line 37.
LaTeX Font Info:    Overwriting math alphabet `\mathtt' in version `bold'
(Font)                  T1/zi4/b/n --> OT1/lmtt/m/n on input line 38.
)
(C:\Program Files\MiKTeX\tex/latex/base\fontenc.sty
Package: fontenc 2021/04/29 v2.0v Standard LaTeX package
LaTeX Font Info:    Trying to load font information for T1+lmr on input line 11
2.

(C:\Program Files\MiKTeX\tex/latex/lm\t1lmr.fd
File: t1lmr.fd 2015/05/01 v1.6.1 Font defs for Latin Modern
))
(C:\Program Files\MiKTeX\tex/latex/algorithm2e\algorithm2e.sty
Package: algorithm2e 2017/07/18 v5.2 algorithms environments
\c@AlgoLine=\count321
\algocf@hangindent=\skip85

(C:\Program Files\MiKTeX\tex/latex/ifoddpage\ifoddpage.sty
Package: ifoddpage 2022/10/18 v1.2 Conditionals for odd/even page detection
\c@checkoddpage=\count322
)
(C:\Program Files\MiKTeX\tex/latex/tools\xspace.sty
Package: xspace 2014/10/28 v1.13 Space after command names (DPC,MH)
)
(C:\Program Files\MiKTeX\tex/latex/relsize\relsize.sty
Package: relsize 2013/03/29 ver 4.1
LaTeX Info: Redefining \larger on input line 150.
LaTeX Info: Redefining \smaller on input line 151.
)
\skiptotal=\skip86
\skiplinenumber=\skip87
\skiprule=\skip88
\skiphlne=\skip89
\skiptext=\skip90
\skiplength=\skip91
\algomargin=\skip92
\skipalgocfslide=\skip93
\algowidth=\dimen260
\inoutsize=\dimen261
\inoutindent=\dimen262
\interspacetitleruled=\dimen263
\interspacealgoruled=\dimen264
\interspacetitleboxruled=\dimen265
\algocf@ruledwidth=\skip94
\algocf@inoutbox=\box62
\algocf@inputbox=\box63
\AlCapSkip=\skip95
\AlCapHSkip=\skip96
\algoskipindent=\skip97
\algocf@nlbox=\box64
\algocf@hangingbox=\box65
\algocf@untilbox=\box66
\algocf@skipuntil=\skip98
\algocf@capbox=\box67
\algocf@lcaptionbox=\skip99
\algoheightruledefault=\skip100
\algoheightrule=\skip101
\algotitleheightruledefault=\skip102
\algotitleheightrule=\skip103
\c@algocfline=\count323
\c@algocfproc=\count324
\c@algocf=\count325
\algocf@algoframe=\box68
\algocf@algobox=\box69
)
\c@problemDefinition=\count326
\c@definition=\count327
\c@property=\count328
\c@lemma=\count329
\c@strategy=\count330
\c@corollary=\count331
\c@example=\count332
\c@theorem=\count333
Package hyperref Info: Option `pdfdisplaydoctitle' set `true' on input line 49.


(C:\Program Files\MiKTeX\tex/latex/preprint\balance.sty
Package: balance 1999/02/23 4.3 (PWD)
\oldvsize=\dimen266
)
Excluding comment 'screenonly' Include comment 'printonly'
Include comment 'anonsuppress'
(C:\Program Files\MiKTeX\tex/latex/l3backend\l3backend-pdftex.def
File: l3backend-pdftex.def 2024-01-04 L3 backend support: PDF output (pdfTeX)
\l__color_backend_stack_int=\count334
\l__pdf_internal_box=\box70
)
No file 00_main.aux.
\openout1 = `00_main.aux'.

LaTeX Font Info:    Checking defaults for OML/nxlmi/m/it on input line 49.
LaTeX Font Info:    Trying to load font information for OML+nxlmi on input line
 49.
(C:\Program Files\MiKTeX\tex/latex/newtx\omlnxlmi.fd
File: omlnxlmi.fd 2013/11/19 Fontinst v1.933 font definitions for OML/nxlmi.
)
LaTeX Font Info:    ... okay on input line 49.
LaTeX Font Info:    Checking defaults for OMS/cmsy/m/n on input line 49.
LaTeX Font Info:    ... okay on input line 49.
LaTeX Font Info:    Checking defaults for OT1/cmr/m/n on input line 49.
LaTeX Font Info:    ... okay on input line 49.
LaTeX Font Info:    Checking defaults for T1/cmr/m/n on input line 49.
LaTeX Font Info:    ... okay on input line 49.
LaTeX Font Info:    Checking defaults for TS1/cmr/m/n on input line 49.
LaTeX Font Info:    ... okay on input line 49.
LaTeX Font Info:    Checking defaults for OMX/cmex/m/n on input line 49.
LaTeX Font Info:    ... okay on input line 49.
LaTeX Font Info:    Checking defaults for U/ntxexa/m/n on input line 49.
LaTeX Font Info:    Trying to load font information for U+ntxexa on input line 
49.

(C:\Program Files\MiKTeX\tex/latex/newtx\untxexa.fd
File: untxexa.fd 2012/04/16 Fontinst v1.933 font definitions for U/ntxexa.
)
LaTeX Font Info:    ... okay on input line 49.
LaTeX Font Info:    Checking defaults for PD1/pdf/m/n on input line 49.
LaTeX Font Info:    ... okay on input line 49.
LaTeX Font Info:    Checking defaults for PU/pdf/m/n on input line 49.
LaTeX Font Info:    ... okay on input line 49.
LaTeX Font Info:    Checking defaults for LMS/ntxsy/m/n on input line 49.
LaTeX Font Info:    Trying to load font information for LMS+ntxsy on input line
 49.

(C:\Program Files\MiKTeX\tex/latex/newtx\lmsntxsy.fd
File: lmsntxsy.fd 2016/07/02 Fontinst v1.933 font definitions for LMS/ntxsy.
)
LaTeX Font Info:    ... okay on input line 49.
LaTeX Font Info:    Checking defaults for LMX/ntxexx/m/n on input line 49.
LaTeX Font Info:    Trying to load font information for LMX+ntxexx on input lin
e 49.

(C:\Program Files\MiKTeX\tex/latex/newtx\lmxntxexx.fd
File: lmxntxexx.fd 2016/07/03 Fontinst v1.933 font definitions for LMX/ntxexx.
)
LaTeX Font Info:    ... okay on input line 49.
LaTeX Font Info:    Trying to load font information for OT1+lmr on input line 4
9.

(C:\Program Files\MiKTeX\tex/latex/lm\ot1lmr.fd
File: ot1lmr.fd 2015/05/01 v1.6.1 Font defs for Latin Modern
)<<ot1.cmap>>
LaTeX Font Info:    Trying to load font information for OML+lmm on input line 4
9.

(C:\Program Files\MiKTeX\tex/latex/lm\omllmm.fd
File: omllmm.fd 2015/05/01 v1.6.1 Font defs for Latin Modern
)<<oml.cmap>>
LaTeX Font Info:    Trying to load font information for OMS+lmsy on input line 
49.

(C:\Program Files\MiKTeX\tex/latex/lm\omslmsy.fd
File: omslmsy.fd 2015/05/01 v1.6.1 Font defs for Latin Modern
)<<oms.cmap>>
LaTeX Font Info:    Trying to load font information for OMX+lmex on input line 
49.

(C:\Program Files\MiKTeX\tex/latex/lm\omxlmex.fd
File: omxlmex.fd 2015/05/01 v1.6.1 Font defs for Latin Modern
)
LaTeX Font Info:    External font `lmex10' loaded for size
(Font)              <7.3> on input line 49.
<<omx.cmap>>
LaTeX Font Info:    External font `lmex10' loaded for size
(Font)              <5.5> on input line 49.
LaTeX Font Info:    Trying to load font information for U+msa on input line 49.


(C:\Program Files\MiKTeX\tex/latex/amsfonts\umsa.fd
File: umsa.fd 2013/01/14 v3.01 AMS symbols A
)
LaTeX Font Info:    Trying to load font information for U+msb on input line 49.


(C:\Program Files\MiKTeX\tex/latex/amsfonts\umsb.fd
File: umsb.fd 2013/01/14 v3.01 AMS symbols B
)
LaTeX Font Info:    Trying to load font information for U+ntxmia on input line 
49.

(C:\Program Files\MiKTeX\tex/latex/newtx\untxmia.fd
File: untxmia.fd 2024/04/09 Fontinst v1.933 font definitions for U/ntxmia.
)
LaTeX Font Info:    Font shape `U/ntxmia/m/it' will be
(Font)              scaled to size 7.3pt on input line 49.
LaTeX Font Info:    Font shape `U/ntxmia/m/it' will be
(Font)              scaled to size 5.5pt on input line 49.
LaTeX Font Info:    Trying to load font information for U+ntxsym on input line 
49.

(C:\Program Files\MiKTeX\tex/latex/newtx\untxsym.fd
File: untxsym.fd 2023/08/16 Fontinst v1.933 font definitions for U/ntxsym.
)
LaTeX Font Info:    Font shape `U/ntxsym/m/n' will be
(Font)              scaled to size 7.3pt on input line 49.
LaTeX Font Info:    Font shape `U/ntxsym/m/n' will be
(Font)              scaled to size 5.5pt on input line 49.
LaTeX Font Info:    Trying to load font information for U+ntxsyc on input line 
49.

(C:\Program Files\MiKTeX\tex/latex/newtx\untxsyc.fd
File: untxsyc.fd 2012/04/12 Fontinst v1.933 font definitions for U/ntxsyc.
)
LaTeX Font Info:    Font shape `U/ntxsyc/m/n' will be
(Font)              scaled to size 7.3pt on input line 49.
LaTeX Font Info:    Font shape `U/ntxsyc/m/n' will be
(Font)              scaled to size 5.5pt on input line 49.
LaTeX Font Info:    Font shape `U/ntxexa/m/n' will be
(Font)              scaled to size 7.3pt on input line 49.
LaTeX Font Info:    Font shape `U/ntxexa/m/n' will be
(Font)              scaled to size 5.5pt on input line 49.

Missing character: There is no ¹ in font lmsy7!
LaTeX Info: Command `\dddot' is already robust on input line 49.
LaTeX Info: Command `\ddddot' is already robust on input line 49.
LaTeX Info: Redefining \microtypecontext on input line 49.
Package microtype Info: Applying patch `item' on input line 49.
Package microtype Info: Applying patch `toc' on input line 49.
Package microtype Info: Applying patch `eqnum' on input line 49.
Package microtype Info: Applying patch `footnote' on input line 49.
Package microtype Info: Applying patch `verbatim' on input line 49.
LaTeX Info: Redefining \microtypesetup on input line 49.
Package microtype Info: Generating PDF output.
Package microtype Info: Character protrusion enabled (level 2).
Package microtype Info: Using default protrusion set `alltext'.
Package microtype Info: Automatic font expansion enabled (level 2),
(microtype)             stretch: 20, shrink: 20, step: 1, non-selected.
Package microtype Info: Using default expansion set `alltext-nott'.
LaTeX Info: Redefining \showhyphens on input line 49.
Package microtype Info: No adjustment of tracking.
Package microtype Info: No adjustment of interword spacing.
Package microtype Info: No adjustment of character kerning.
(C:\Program Files\MiKTeX\tex/latex/microtype\mt-cmr.cfg
File: mt-cmr.cfg 2013/05/19 v2.2 microtype config. file: Computer Modern Roman 
(RS)
)
Package hyperref Info: Link coloring OFF on input line 49.
\@outlinefile=\write4
\openout4 = `00_main.out'.


(C:\Program Files\MiKTeX\tex/context/base/mkii\supp-pdf.mkii
[Loading MPS to PDF converter (version 2006.09.02).]
\scratchcounter=\count335
\scratchdimen=\dimen267
\scratchbox=\box71
\nofMPsegments=\count336
\nofMParguments=\count337
\everyMPshowfont=\toks49
\MPscratchCnt=\count338
\MPscratchDim=\dimen268
\MPnumerator=\count339
\makeMPintoPDFobject=\count340
\everyMPtoPDFconversion=\toks50
) (C:\Program Files\MiKTeX\tex/latex/epstopdf-pkg\epstopdf-base.sty
Package: epstopdf-base 2020-01-24 v2.11 Base part for package epstopdf
Package epstopdf-base Info: Redefining graphics rule for `.eps' on input line 4
85.

(C:\Program Files\MiKTeX\tex/latex/00miktex\epstopdf-sys.cfg
File: epstopdf-sys.cfg 2021/03/18 v2.0 Configuration of epstopdf for MiKTeX
))
*geometry* driver: auto-detecting
*geometry* detected driver: pdftex
*geometry* verbose mode - [ preamble ] result:
* driver: pdftex
* paper: custom
* layout: <same size as paper>
* layoutoffset:(h,v)=(0.0pt,0.0pt)
* modes: includehead includefoot twoside heightrounded 
* h-part:(L,W,R)=(54.0pt, 506.295pt, 54.0pt)
* v-part:(T,H,B)=(57.0pt, 664.96999pt, 73.0pt)
* \paperwidth=614.295pt
* \paperheight=794.96999pt
* \textwidth=506.295pt
* \textheight=626.0pt
* \oddsidemargin=-18.26999pt
* \evensidemargin=-18.26999pt
* \topmargin=-15.26999pt
* \headheight=13.0pt
* \headsep=14.0pt
* \topskip=10.0pt
* \footskip=12.0pt
* \marginparwidth=24.0pt
* \marginparsep=11.0pt
* \columnsep=24.0pt
* \skip\footins=7.0pt plus 11.0pt
* \hoffset=0.0pt
* \voffset=0.0pt
* \mag=1000
* \@twocolumnfalse
* \@twosidetrue
* \@mparswitchtrue
* \@reversemarginfalse
* (1in=72.27pt=25.4mm, 1cm=28.453pt)

\c@mv@tabular=\count341
\c@mv@boldtabular=\count342
(C:\Program Files\MiKTeX\tex/latex/upquote\upquote.sty
Package: upquote 2012/04/19 v1.3 upright-quote and grave-accent glyphs in verba
tim
)
Package caption Info: Begin \AtBeginDocument code.
Package caption Info: float package is loaded.
Package caption Info: End \AtBeginDocument code.
Class acmart Info: Setting authorsperrow to 4 on input line 54.
Class acmart Info: Suppressing bibformat on input line 54.
LaTeX Font Info:    Trying to load font information for T1+lmss on input line 1
01.

(C:\Program Files\MiKTeX\tex/latex/lm\t1lmss.fd
File: t1lmss.fd 2015/05/01 v1.6.1 Font defs for Latin Modern
)
Package microtype Info: Loading generic protrusion settings for font family
(microtype)             `lmss' (encoding: T1).
(microtype)             For optimal results, create family-specific settings.
(microtype)             See the microtype manual for details.
LaTeX Font Info:    Font shape `T1/lmss/b/n' in size <17.28> not available
(Font)              Font shape `T1/lmss/bx/n' tried instead on input line 101.
LaTeX Font Info:    External font `lmex10' loaded for size
(Font)              <10> on input line 101.

(C:\Program Files\MiKTeX\tex/latex/microtype\mt-msa.cfg
File: mt-msa.cfg 2006/02/04 v1.1 microtype config. file: AMS symbols (a) (RS)
)
(C:\Program Files\MiKTeX\tex/latex/microtype\mt-msb.cfg
File: mt-msb.cfg 2005/06/01 v1.0 microtype config. file: AMS symbols (b) (RS)
)
LaTeX Font Info:    Font shape `U/ntxmia/m/it' will be
(Font)              scaled to size 10.0pt on input line 101.
LaTeX Font Info:    Font shape `U/ntxsym/m/n' will be
(Font)              scaled to size 10.0pt on input line 101.
LaTeX Font Info:    Font shape `U/ntxsyc/m/n' will be
(Font)              scaled to size 10.0pt on input line 101.
LaTeX Font Info:    Font shape `U/ntxexa/m/n' will be
(Font)              scaled to size 10.0pt on input line 101.
LaTeX Font Info:    External font `lmex10' loaded for size
(Font)              <12> on input line 101.
LaTeX Font Info:    External font `lmex10' loaded for size
(Font)              <8.8> on input line 101.
LaTeX Font Info:    External font `lmex10' loaded for size
(Font)              <6.6> on input line 101.
LaTeX Font Info:    Font shape `U/ntxmia/m/it' will be
(Font)              scaled to size 12.0pt on input line 101.
LaTeX Font Info:    Font shape `U/ntxmia/m/it' will be
(Font)              scaled to size 8.8pt on input line 101.
LaTeX Font Info:    Font shape `U/ntxmia/m/it' will be
(Font)              scaled to size 6.6pt on input line 101.
LaTeX Font Info:    Font shape `U/ntxsym/m/n' will be
(Font)              scaled to size 12.0pt on input line 101.
LaTeX Font Info:    Font shape `U/ntxsym/m/n' will be
(Font)              scaled to size 8.8pt on input line 101.
LaTeX Font Info:    Font shape `U/ntxsym/m/n' will be
(Font)              scaled to size 6.6pt on input line 101.
LaTeX Font Info:    Font shape `U/ntxsyc/m/n' will be
(Font)              scaled to size 12.0pt on input line 101.
LaTeX Font Info:    Font shape `U/ntxsyc/m/n' will be
(Font)              scaled to size 8.8pt on input line 101.
LaTeX Font Info:    Font shape `U/ntxsyc/m/n' will be
(Font)              scaled to size 6.6pt on input line 101.
LaTeX Font Info:    Font shape `U/ntxexa/m/n' will be
(Font)              scaled to size 12.0pt on input line 101.
LaTeX Font Info:    Font shape `U/ntxexa/m/n' will be
(Font)              scaled to size 8.8pt on input line 101.
LaTeX Font Info:    Font shape `U/ntxexa/m/n' will be
(Font)              scaled to size 6.6pt on input line 101.

Missing character: There is no ¹ in font lmsy10!
LaTeX Font Info:    Trying to load font information for TS1+lmr on input line 1
01.
(C:\Program Files\MiKTeX\tex/latex/lm\ts1lmr.fd
File: ts1lmr.fd 2015/05/01 v1.6.1 Font defs for Latin Modern
)
Missing character: There is no ¹ in font lmsy7!
LaTeX Font Info:    External font `lmex10' loaded for size
(Font)              <9> on input line 101.
LaTeX Font Info:    Font shape `U/ntxmia/m/it' will be
(Font)              scaled to size 9.0pt on input line 101.
LaTeX Font Info:    Font shape `U/ntxsym/m/n' will be
(Font)              scaled to size 9.0pt on input line 101.
LaTeX Font Info:    Font shape `U/ntxsyc/m/n' will be
(Font)              scaled to size 9.0pt on input line 101.
LaTeX Font Info:    Font shape `U/ntxexa/m/n' will be
(Font)              scaled to size 9.0pt on input line 101.
Missing character: There is no ¹ in font lmsy9!

Package natbib Warning: Citation `luce1949method' on page 1 undefined on input 
line 108.


Package natbib Warning: Citation `schaeffer2007graph' on page 1 undefined on in
put line 108.


Package natbib Warning: Citation `boginski2006mining' on page 1 undefined on in
put line 108.


Package natbib Warning: Citation `etzion1998greedy' on page 1 undefined on inpu
t line 108.


Package natbib Warning: Citation `dorndorf2008modelling' on page 1 undefined on
 input line 108.


Package natbib Warning: Citation `day1986computational' on page 1 undefined on 
input line 108.


Package natbib Warning: Citation `leskovec2020mining' on page 1 undefined on in
put line 111.


Package natbib Warning: Citation `chang2019efficient' on page 1 undefined on in
put line 111.


Package natbib Warning: Citation `simmel1950sociology' on page 1 undefined on i
nput line 111.


Package natbib Warning: Citation `luce1950connectivity' on page 1 undefined on 
input line 113.


Package natbib Warning: Citation `mokken1979cliques' on page 1 undefined on inp
ut line 113.


Package natbib Warning: Citation `abello2002massive' on page 1 undefined on inp
ut line 113.


Package natbib Warning: Citation `seidman1978graph' on page 1 undefined on inpu
t line 113.

<figures/motivation_figure.pdf, id=9, 384.43625pt x 162.6075pt>
File: figures/motivation_figure.pdf Graphic file (type pdf)
<use figures/motivation_figure.pdf>
Package pdftex.def Info: figures/motivation_figure.pdf  used on input line 117.

(pdftex.def)             Requested size: 217.03127pt x 91.80145pt.

Class acmart Warning: A possible image without description on input line 122.


Package natbib Warning: Citation `miao2017approaches' on page 1 undefined on in
put line 128.


Overfull \hbox (8.09653pt too wide) in paragraph at lines 131--132
\T1/lmr/m/n/9 (-20) graph size. This ap-proach of-fers two main ben-e-fits: (1)
 $[]$:
 []


LaTeX Warning: Reference `fig:motivation' on page 1 undefined on input line 136
.

[1.1{C:/Users/ChoiHG/AppData/Local/MiKTeX/fonts/map/pdftex/pdftex.map}{C:/Progr
am Files/MiKTeX/fonts/enc/dvips/lm/lm-ec.enc}{C:/Program Files/MiKTeX/fonts/enc
/dvips/lm/lm-ts1.enc}

{C:/Program Files/MiKTeX/fonts/enc/dvips/lm/lm-mathsy.enc}{C:/Program Files/MiK
TeX/fonts/enc/dvips/lm/lm-mathit.enc} <C:/Users/ChoiHG/Desktop/Algorithm/ass1/C
SE304&331 -2025 -sample template final/figures/motivation_figure.pdf>]

Class acmart Warning: \vspace should only be used to provide space above/below 
surrounding objects on input line 145.

<figures/example_1.pdf, id=93, 105.39375pt x 176.66pt>
File: figures/example_1.pdf Graphic file (type pdf)
<use figures/example_1.pdf>
Package pdftex.def Info: figures/example_1.pdf  used on input line 154.
(pdftex.def)             Requested size: 54.01804pt x 90.54556pt.
LaTeX Font Info:    External font `lmex10' loaded for size
(Font)              <8> on input line 156.
LaTeX Font Info:    External font `lmex10' loaded for size
(Font)              <6> on input line 156.
LaTeX Font Info:    Font shape `U/ntxmia/m/it' will be
(Font)              scaled to size 8.0pt on input line 156.
LaTeX Font Info:    Font shape `U/ntxmia/m/it' will be
(Font)              scaled to size 6.0pt on input line 156.
LaTeX Font Info:    Font shape `U/ntxsym/m/n' will be
(Font)              scaled to size 8.0pt on input line 156.
LaTeX Font Info:    Font shape `U/ntxsym/m/n' will be
(Font)              scaled to size 6.0pt on input line 156.
LaTeX Font Info:    Font shape `U/ntxsyc/m/n' will be
(Font)              scaled to size 8.0pt on input line 156.
LaTeX Font Info:    Font shape `U/ntxsyc/m/n' will be
(Font)              scaled to size 6.0pt on input line 156.
LaTeX Font Info:    Font shape `U/ntxexa/m/n' will be
(Font)              scaled to size 8.0pt on input line 156.
LaTeX Font Info:    Font shape `U/ntxexa/m/n' will be
(Font)              scaled to size 6.0pt on input line 156.
Missing character: There is no ¹ in font lmsy8!
<figures/example_2.pdf, id=94, 105.39375pt x 176.66pt>
File: figures/example_2.pdf Graphic file (type pdf)
<use figures/example_2.pdf>
Package pdftex.def Info: figures/example_2.pdf  used on input line 161.
(pdftex.def)             Requested size: 54.01804pt x 90.54556pt.
LaTeX Font Info:    Font shape `T1/lmss/b/n' in size <8> not available
(Font)              Font shape `T1/lmss/bx/n' tried instead on input line 163.
<figures/example_3.pdf, id=95, 105.39375pt x 176.66pt>
File: figures/example_3.pdf Graphic file (type pdf)
<use figures/example_3.pdf>
Package pdftex.def Info: figures/example_3.pdf  used on input line 168.
(pdftex.def)             Requested size: 54.01804pt x 90.54556pt.
LaTeX Font Info:    Font shape `T1/lmss/b/n' in size <9> not available
(Font)              Font shape `T1/lmss/bx/n' tried instead on input line 174.
Missing character: There is no ¹ in font lmsy9!
Missing character: There is no ¹ in font lmsy9!
Missing character: There is no º in font lmsy9!
Missing character: There is no ¹ in font lmsy9!
Missing character: There is no º in font lmsy9!

Class acmart Warning: A possible image without description on input line 177.


Package natbib Warning: Citation `karp2010reducibility' on page 2 undefined on 
input line 184.


Package natbib Warning: Citation `abello2002massive' on page 2 undefined on inp
ut line 186.


Package natbib Warning: Citation `seidman1978graph' on page 2 undefined on inpu
t line 188.

Missing character: There is no ¹ in font lmsy9!
Missing character: There is no º in font lmsy9!
Missing character: There is no » in font lmsy9!
Missing character: There is no ¼ in font lmsy9!
Missing character: There is no ¹ in font lmsy9!
Missing character: There is no º in font lmsy9!
Missing character: There is no ¹ in font lmsy9!
Missing character: There is no º in font lmsy9!
Package microtype Info: Character `029' is missing
(microtype)             in font `T1/lmr/m/sc/9'.
(microtype)             Ignoring protrusion settings for this character.
LaTeX Font Info:    Font shape `T1/lmss/m/it' in size <9> not available
(Font)              Font shape `T1/lmss/m/sl' tried instead on input line 198.
Missing character: There is no ¹ in font lmsy9!
Missing character: There is no º in font lmsy9!
Missing character: There is no » in font lmsy9!
Missing character: There is no ¼ in font lmsy9!
Missing character: There is no » in font lmsy9!
Missing character: There is no ¼ in font lmsy9!
Missing character: There is no ¹ in font lmsy9!
Missing character: There is no º in font lmsy9!

Overfull \hbox (6.19872pt too wide) in paragraph at lines 206--207
[][][]\T1/lmr/m/sc/9 (-20) Problem def-i-ni-tion 1. []\T1/lmr/m/it/9 (-20) ($[]
$.)
 []


LaTeX Warning: Reference `fig:graphs' on page 2 undefined on input line 211.

<figures/np-proof.pdf, id=96, 583.17876pt x 241.90375pt>
File: figures/np-proof.pdf Graphic file (type pdf)
<use figures/np-proof.pdf>
Package pdftex.def Info: figures/np-proof.pdf  used on input line 219.
(pdftex.def)             Requested size: 217.03127pt x 90.02342pt.

Class acmart Warning: A possible image without description on input line 224.


Class acmart Warning: \vspace should only be used to provide space above/below 
surrounding objects on input line 229.


Package natbib Warning: Citation `balasundaram2011clique' on page 2 undefined o
n input line 231.

Missing character: There is no ¹ in font lmsy9!
Missing character: There is no º in font lmsy9!
Missing character: There is no ¹ in font lmsy9!
Missing character: There is no º in font lmsy9!
Missing character: There is no ¹ in font lmsy9!
Missing character: There is no º in font lmsy9!

Overfull \hbox (18.49817pt too wide) in paragraph at lines 231--232
[]\T1/lmr/m/n/9 (-20) To prove the NP-hardness of the max-i-mum \T1/lmss/m/n/9 
(-20) Flexi$\OMS/lmsy/m/n/9 ^^@$\T1/lmss/m/n/9 (-20) clique
 []

[2.2{C:/Program Files/MiKTeX/fonts/enc/dvips/lm/lm-rm.enc} <C:/Users/ChoiHG/Des
ktop/Algorithm/ass1/CSE304&331 -2025 -sample template final/figures/example_1.p
df> <C:/Users/ChoiHG/Desktop/Algorithm/ass1/CSE304&331 -2025 -sample template f
inal/figures/example_2.pdf> <C:/Users/ChoiHG/Desktop/Algorithm/ass1/CSE304&331 
-2025 -sample template final/figures/example_3.pdf> <C:/Users/ChoiHG/Desktop/Al
gorithm/ass1/CSE304&331 -2025 -sample template final/figures/np-proof.pdf>]

LaTeX Warning: Reference `fig:relax' on page 3 undefined on input line 233.

Missing character: There is no ¹ in font lmsy9!
Missing character: There is no º in font lmsy9!
Missing character: There is no ¹ in font lmsy7!
Missing character: There is no º in font lmsy7!
Missing character: There is no ¹ in font lmsy7!
Missing character: There is no º in font lmsy7!
Missing character: There is no ¹ in font lmsy7!
Missing character: There is no º in font lmsy7!
Missing character: There is no » in font lmsy9!
Missing character: There is no ¼ in font lmsy9!
Missing character: There is no ¹ in font lmsy6!
Missing character: There is no º in font lmsy6!
Missing character: There is no ¹ in font lmsy6!
Missing character: There is no º in font lmsy6!
Missing character: There is no ¹ in font lmsy7!
Missing character: There is no º in font lmsy7!
Missing character: There is no ¹ in font lmsy6!
Missing character: There is no º in font lmsy6!
Missing character: There is no ¹ in font lmsy6!
Missing character: There is no º in font lmsy6!
Missing character: There is no ¹ in font lmsy7!
Missing character: There is no º in font lmsy7!
Missing character: There is no ¹ in font lmsy9!
Missing character: There is no º in font lmsy9!
Missing character: There is no ¹ in font lmsy9!
Missing character: There is no º in font lmsy9!
Missing character: There is no Ï in font lmsy9!
Missing character: There is no » in font lmsy9!
Missing character: There is no ¼ in font lmsy9!
Missing character: There is no ¹ in font lmsy9!
Missing character: There is no º in font lmsy9!
Missing character: There is no ¹ in font lmsy9!
Missing character: There is no º in font lmsy9!
Missing character: There is no » in font lmsy9!
Missing character: There is no ¼ in font lmsy9!
Missing character: There is no ¹ in font lmsy9!
Missing character: There is no º in font lmsy9!
Missing character: There is no ¹ in font lmsy9!
Missing character: There is no º in font lmsy9!
Missing character: There is no ¹ in font lmsy9!
Missing character: There is no º in font lmsy9!
Missing character: There is no Ï in font lmsy9!
Missing character: There is no ¹ in font lmsy9!
Missing character: There is no º in font lmsy9!
Missing character: There is no ¹ in font lmsy9!
Missing character: There is no º in font lmsy9!
Missing character: There is no ¹ in font lmsy9!
Missing character: There is no º in font lmsy9!
Missing character: There is no ¹ in font lmsy9!
Missing character: There is no º in font lmsy9!
Missing character: There is no Ï in font lmsy9!
Missing character: There is no ¹ in font lmsy9!
Missing character: There is no º in font lmsy9!
Missing character: There is no Ï in font lmsy9!
Missing character: There is no ¹ in font lmsy9!
Missing character: There is no º in font lmsy9!
Missing character: There is no ¹ in font lmsy9!
Missing character: There is no º in font lmsy9!
Missing character: There is no ¹ in font lmsy9!
Missing character: There is no º in font lmsy9!
Missing character: There is no ¹ in font lmsy9!
Missing character: There is no º in font lmsy9!
Missing character: There is no Ï in font lmsy9!

Package natbib Warning: Citation `clauset2009power' on page 3 undefined on inpu
t line 264.


Package natbib Warning: Citation `barabasi1999emergence' on page 3 undefined on
 input line 264.


Package natbib Warning: Citation `seidman1983network' on page 3 undefined on in
put line 264.


LaTeX Warning: Reference `fig:proportion' on page 3 undefined on input line 264
.

<figures/proportion_0.pdf, id=178, 1280.785pt x 370.38374pt>
File: figures/proportion_0.pdf Graphic file (type pdf)
<use figures/proportion_0.pdf>
Package pdftex.def Info: figures/proportion_0.pdf  used on input line 268.
(pdftex.def)             Requested size: 204.97684pt x 59.27391pt.

Class acmart Warning: A possible image without description on input line 273.


Class acmart Warning: \vspace should only be used to provide space above/below 
surrounding objects on input line 275.


LaTeX Warning: Reference `alg:peeling_t_clique1' on page 3 undefined on input l
ine 276.


Class acmart Warning: \vspace should only be used to provide space above/below 
surrounding objects on input line 279.

Missing character: There is no ¹ in font lmsy9!
Missing character: There is no ¹ in font lmsy9!
Missing character: There is no Ï in font lmsy9!
Missing character: There is no º in font lmsy9!
Missing character: There is no º in font lmsy9!
Missing character: There is no ¹ in font lmsy9!
Missing character: There is no º in font lmsy9!

Package natbib Warning: Citation `batagelj2003m' on page 3 undefined on input l
ine 281.

Missing character: There is no ¹ in font lmsy9!
Missing character: There is no Ï in font lmsy9!
Missing character: There is no º in font lmsy9!
Missing character: There is no ¹ in font lmsy9!
Missing character: There is no Ï in font lmsy9!
Missing character: There is no º in font lmsy9!
Missing character: There is no ¹ in font lmsy9!
Missing character: There is no º in font lmsy9!
Missing character: There is no ¹ in font lmsy8!
Missing character: There is no ¹ in font lmsy8!
Missing character: There is no º in font lmsy8!
LaTeX Font Info:    Trying to load font information for T1+lmtt on input line 3
21.
(C:\Program Files\MiKTeX\tex/latex/lm\t1lmtt.fd
File: t1lmtt.fd 2015/05/01 v1.6.1 Font defs for Latin Modern
)
Package microtype Info: Loading generic protrusion settings for font family
(microtype)             `lmtt' (encoding: T1).
(microtype)             For optimal results, create family-specific settings.
(microtype)             See the microtype manual for details.

Missing character: There is no Ï in font lmsy8!
Missing character: There is no Ï in font lmsy8!
Missing character: There is no ¹ in font lmsy8!
Missing character: There is no º in font lmsy8!
Missing character: There is no ¹ in font lmsy8!
Missing character: There is no º in font lmsy8!
Missing character: There is no ¹ in font lmsy8!
Missing character: There is no º in font lmsy8!
Missing character: There is no ¹ in font lmsy8!
Missing character: There is no º in font lmsy8!
Missing character: There is no » in font lmsy8!
Missing character: There is no ¼ in font lmsy8!
Missing character: There is no ¹ in font lmsy8!
Missing character: There is no » in font lmsy8!
Missing character: There is no ¼ in font lmsy8!
Missing character: There is no º in font lmsy8!
Missing character: There is no ¹ in font lmsy9!
<figures/algorithm_1.pdf, id=179, 105.39375pt x 204.765pt>
File: figures/algorithm_1.pdf Graphic file (type pdf)
<use figures/algorithm_1.pdf>
Package pdftex.def Info: figures/algorithm_1.pdf  used on input line 366.
(pdftex.def)             Requested size: 54.01804pt x 104.95053pt.
Missing character: There is no ¹ in font lmsy8!
<figures/algorithm_2.pdf, id=180, 105.39375pt x 204.765pt>
File: figures/algorithm_2.pdf Graphic file (type pdf)
<use figures/algorithm_2.pdf>
Package pdftex.def Info: figures/algorithm_2.pdf  used on input line 373.
(pdftex.def)             Requested size: 54.01804pt x 104.95053pt.
<figures/algorithm_3.pdf, id=181, 105.39375pt x 204.765pt>
File: figures/algorithm_3.pdf Graphic file (type pdf)
<use figures/algorithm_3.pdf>
Package pdftex.def Info: figures/algorithm_3.pdf  used on input line 380.
(pdftex.def)             Requested size: 54.01804pt x 104.95053pt.

Class acmart Warning: A possible image without description on input line 390.


LaTeX Warning: Reference `fig:example' on page 3 undefined on input line 393.

Missing character: There is no ¹ in font lmsy9!

LaTeX Warning: Reference `fig:gpa' on page 3 undefined on input line 393.


LaTeX Warning: Reference `fig:alg1' on page 3 undefined on input line 393.


LaTeX Warning: Reference `fig:alg2' on page 3 undefined on input line 393.


LaTeX Warning: Reference `fig:alg3' on page 3 undefined on input line 393.

[3.3 <C:/Users/ChoiHG/Desktop/Algorithm/ass1/CSE304&331 -2025 -sample template 
final/figures/proportion_0.pdf> <C:/Users/ChoiHG/Desktop/Algorithm/ass1/CSE304&
331 -2025 -sample template final/figures/algorithm_1.pdf> <C:/Users/ChoiHG/Desk
top/Algorithm/ass1/CSE304&331 -2025 -sample template final/figures/algorithm_2.
pdf> <C:/Users/ChoiHG/Desktop/Algorithm/ass1/CSE304&331 -2025 -sample template 
final/figures/algorithm_3.pdf>]
Missing character: There is no ¹ in font lmsy8!

Class acmart Warning: \vspace should only be used to provide space above/below 
surrounding objects on input line 430.


LaTeX Warning: Reference `tab:dataset' on page 4 undefined on input line 431.


Package natbib Warning: Citation `cho2011friendship' on page 4 undefined on inp
ut line 431.


Package natbib Warning: Citation `yang2012defining' on page 4 undefined on inpu
t line 431.


Class acmart Warning: \vspace should only be used to provide space above/below 
surrounding objects on input line 438.

<figures/effect.pdf, id=262, 825.0825pt x 241.90375pt>
File: figures/effect.pdf Graphic file (type pdf)
<use figures/effect.pdf>
Package pdftex.def Info: figures/effect.pdf  used on input line 441.
(pdftex.def)             Requested size: 192.91872pt x 56.55948pt.

Class acmart Warning: A possible image without description on input line 446.


Class acmart Warning: \vspace should only be used to provide space above/below 
surrounding objects on input line 452.


Package natbib Warning: Citation `zachary1977information' on page 4 undefined o
n input line 453.


Package natbib Warning: Citation `alokshiya2018linear' on page 4 undefined on i
nput line 453.


LaTeX Warning: Reference `fig:ground_truth' on page 4 undefined on input line 4
53.

Missing character: There is no ¹ in font lmsy9!
<figures/real_world.pdf, id=263, 825.0825pt x 207.77625pt>
File: figures/real_world.pdf Graphic file (type pdf)
<use figures/real_world.pdf>
Package pdftex.def Info: figures/real_world.pdf  used on input line 457.
(pdftex.def)             Requested size: 192.91872pt x 48.58012pt.

Class acmart Warning: A possible image without description on input line 462.


Class acmart Warning: \vspace should only be used to provide space above/below 
surrounding objects on input line 464.


LaTeX Warning: Reference `fig:effect' on page 4 undefined on input line 464.



pdfTeX warning: pdflatex (file C:/Users/ChoiHG/Desktop/Algorithm/ass1/CSE304&33
1 -2025 -sample template final/figures/syn_time_log2_final.pdf): PDF inclusion:
 found PDF version <1.6>, but at most version <1.5> allowed
<figures/syn_time_log2_final.pdf, id=264, 853.50871pt x 301.60681pt>
File: figures/syn_time_log2_final.pdf Graphic file (type pdf)
<use figures/syn_time_log2_final.pdf>
Package pdftex.def Info: figures/syn_time_log2_final.pdf  used on input line 46
7.
(pdftex.def)             Requested size: 217.03127pt x 76.69011pt.

Class acmart Warning: A possible image without description on input line 472.


Class acmart Warning: \vspace should only be used to provide space above/below 
surrounding objects on input line 476.


Package natbib Warning: Citation `lancichinetti2008benchmark' on page 4 undefin
ed on input line 476.


LaTeX Warning: Reference `fig:syn_time' on page 4 undefined on input line 476.

[4.4 <C:/Users/ChoiHG/Desktop/Algorithm/ass1/CSE304&331 -2025 -sample template 
final/figures/effect.pdf> <C:/Users/ChoiHG/Desktop/Algorithm/ass1/CSE304&331 -2
025 -sample template final/figures/real_world.pdf> <C:/Users/ChoiHG/Desktop/Alg
orithm/ass1/CSE304&331 -2025 -sample template final/figures/syn_time_log2_final
.pdf>]
<figures/k_core_effect_thin.pdf, id=374, 825.0825pt x 276.03125pt>
File: figures/k_core_effect_thin.pdf Graphic file (type pdf)
<use figures/k_core_effect_thin.pdf>
Package pdftex.def Info: figures/k_core_effect_thin.pdf  used on input line 483
.
(pdftex.def)             Requested size: 192.91872pt x 64.53882pt.


Class acmart Warning: A possible image without description on input line 488.


Class acmart Warning: \vspace should only be used to provide space above/below 
surrounding objects on input line 491.


LaTeX Warning: Reference `fig:k_core' on page 5 undefined on input line 491.

Missing character: There is no ¹ in font lmsy9!
Missing character: There is no Ï in font lmsy9!
Missing character: There is no º in font lmsy9!
No file 00_main.bbl.

Package natbib Warning: There were undefined citations.


Class acmart Warning: Some images may lack descriptions.


Overfull \vbox (1.0235pt too high) has occurred while \output is active []


[5.5 <C:/Users/ChoiHG/Desktop/Algorithm/ass1/CSE304&331 -2025 -sample template 
final/figures/k_core_effect_thin.pdf>]
Missing character: There is no ¹ in font lmsy10!

Overfull \hbox (3.66556pt too wide) in paragraph at lines 504--504
 [][][][] 
 []

(C:\Program Files\MiKTeX\tex/generic/stringenc\se-pdfdoc.def
File: se-pdfdoc.def 2019/11/29 v1.12 stringenc: PDFDocEncoding
)
(C:\Program Files\MiKTeX\tex/generic/stringenc\se-utf8.def
File: se-utf8.def 2019/11/29 v1.12 stringenc: UTF-8
)
Missing character: There is no ¹ in font lmsy9!
[6.5] (00_main.aux)
 ***********
LaTeX2e <2023-11-01> patch level 1
L3 programming layer <2024-01-04>
 ***********


LaTeX Warning: There were undefined references.


LaTeX Warning: Label(s) may have changed. Rerun to get cross-references right.


LaTeX Warning: Temporary extra page added at the end. Rerun to get it removed.


Package rerunfilecheck Warning: File `00_main.out' has changed.
(rerunfilecheck)                Rerun to get outlines right
(rerunfilecheck)                or use package `bookmark'.

Package rerunfilecheck Info: Checksums for `00_main.out':
(rerunfilecheck)             Before: <no file>
(rerunfilecheck)             After:  8517AAFB4226F1FD72A7009BDBE26919;1321.
 ) 
Here is how much of TeX's memory you used:
 23469 strings out of 474485
 374466 string characters out of 5753546
 1961542 words of memory out of 5000000
 44776 multiletter control sequences out of 15000+600000
 709001 words of font info for 296 fonts, out of 8000000 for 9000
 1302 hyphenation exceptions out of 8191
 90i,15n,131p,1234b,801s stack positions out of 10000i,1000n,20000p,200000b,200000s

!pdfTeX error: pdflatex (file txmiaX): Font txmiaX at 480 not found
 ==> Fatal error occurred, no output PDF file produced!
